<?xml version="1.0" encoding="UTF-8"?>
<!-- Generated by org.testng.reporters.JUnitReportReporter -->
<testsuite skipped="0" hostname="DESKTOP-EEDVSBV" name="testscripts.Script1" tests="1" failures="0" timestamp="15 Jan 2020 18:07:33 GMT" time="90.032" errors="0">
  <testcase name="runapp" time="90.032" classname="testscripts.Script1"/>
</testsuite> <!-- testscripts.Script1 -->
