<?xml version="1.0" encoding="UTF-8"?>
<!-- Generated by org.testng.reporters.JUnitReportReporter -->
<testsuite skipped="0" hostname="Hmraghu" name="generic.Basetest" tests="1" failures="0" timestamp="09 Jan 2020 17:47:06 GMT" time="42.949" errors="0">
  <testcase name="testapp" time="42.949" classname="generic.Basetest"/>
</testsuite> <!-- generic.Basetest -->
