<?xml version="1.0" encoding="UTF-8"?>
<!-- Generated by org.testng.reporters.JUnitReportReporter -->
<testsuite skipped="0" hostname="DESKTOP-EEDVSBV" name="testscripts.Testscript2" tests="1" failures="0" timestamp="15 Jan 2020 18:07:33 GMT" time="144.520" errors="0">
  <testcase name="script2" time="144.520" classname="testscripts.Testscript2"/>
</testsuite> <!-- testscripts.Testscript2 -->
